[debug] [2019-07-15T13:53:19.367Z] ----------------------------------------------------------------------
[debug] [2019-07-15T13:53:19.368Z] Command:       /Users/sid/.nvm/versions/node/v12.6.0/bin/node /Users/sid/.nvm/versions/node/v12.6.0/bin/firebase init
[debug] [2019-07-15T13:53:19.369Z] CLI Version:   7.1.0
[debug] [2019-07-15T13:53:19.369Z] Platform:      darwin
[debug] [2019-07-15T13:53:19.369Z] Node Version:  v12.6.0
[debug] [2019-07-15T13:53:19.369Z] Time:          Mon Jul 15 2019 06:53:19 GMT-0700 (Pacific Daylight Time)
[debug] [2019-07-15T13:53:19.369Z] ----------------------------------------------------------------------
[debug] 
[debug] [2019-07-15T13:53:19.377Z] > command requires scopes: ["email","openid","https://www.googleapis.com/auth/cloudplatformprojects.readonly","https://www.googleapis.com/auth/firebase","https://www.googleapis.com/auth/cloud-platform"]
[debug] [2019-07-15T13:53:19.377Z] > authorizing via signed-in user
[info] 
     ######## #### ########  ######## ########     ###     ######  ########
     ##        ##  ##     ## ##       ##     ##  ##   ##  ##       ##
     ######    ##  ########  ######   ########  #########  ######  ######
     ##        ##  ##    ##  ##       ##     ## ##     ##       ## ##
     ##       #### ##     ## ######## ########  ##     ##  ######  ########

You're about to initialize a Firebase project in this directory:

  /Users/sid/Sites/free/mcdan

[info] 
=== Project Setup
[info] 
[info] First, let's associate this project directory with a Firebase project.
[info] You can create multiple project aliases by running firebase use --add, 
[info] but for now we'll just set up a default project.
[info] 
[debug] [2019-07-15T13:53:26.962Z] > refreshing access token with scopes: ["email","https://www.googleapis.com/auth/cloud-platform","https://www.googleapis.com/auth/cloudplatformprojects.readonly","https://www.googleapis.com/auth/firebase","openid"]
[debug] [2019-07-15T13:53:26.963Z] >>> HTTP REQUEST POST https://www.googleapis.com/oauth2/v3/token  
 <request body omitted>
[debug] [2019-07-15T13:53:27.095Z] <<< HTTP RESPONSE 200
[debug] [2019-07-15T13:53:27.105Z] >>> HTTP REQUEST GET https://firebase.googleapis.com/v1beta1/projects?page_size=100  
 
[debug] [2019-07-15T13:53:27.349Z] <<< HTTP RESPONSE 200
[info] i  Using project sidbits-f0674 (Sidbits)
[info] 
=== Hosting Setup
[info] 
[info] Your public directory is the folder (relative to your project directory) that
[info] will contain Hosting assets to be uploaded with firebase deploy. If you
[info] have a build process for your assets, use your build's output directory.
[info] 
